[debug] [2024-06-27T17:38:02.893Z] ----------------------------------------------------------------------
[debug] [2024-06-27T17:38:02.895Z] Command:       /usr/local/bin/node /usr/local/bin/firebase deploy
[debug] [2024-06-27T17:38:02.896Z] CLI Version:   13.11.2
[debug] [2024-06-27T17:38:02.896Z] Platform:      darwin
[debug] [2024-06-27T17:38:02.896Z] Node Version:  v20.14.0
[debug] [2024-06-27T17:38:02.896Z] Time:          Thu Jun 27 2024 23:08:02 GMT+0530 (India Standard Time)
[debug] [2024-06-27T17:38:02.896Z] ----------------------------------------------------------------------
[debug] 
[debug] [2024-06-27T17:38:02.959Z] > command requires scopes: ["email","openid","https://www.googleapis.com/auth/cloudplatformprojects.readonly","https://www.googleapis.com/auth/firebase","https://www.googleapis.com/auth/cloud-platform"]
[debug] [2024-06-27T17:38:02.959Z] > authorizing via signed-in user (arpitgoyal138@gmail.com)
[debug] [2024-06-27T17:38:02.959Z] [iam] checking project btmmujt for permissions ["datastore.indexes.create","datastore.indexes.delete","datastore.indexes.list","datastore.indexes.update","firebase.projects.get","firebasehosting.sites.update","firebaserules.releases.create","firebaserules.releases.update","firebaserules.rulesets.create"]
[debug] [2024-06-27T17:38:02.961Z] >>> [apiv2][query] POST https://cloudresourcemanager.googleapis.com/v1/projects/btmmujt:testIamPermissions [none]
[debug] [2024-06-27T17:38:02.961Z] >>> [apiv2][(partial)header] POST https://cloudresourcemanager.googleapis.com/v1/projects/btmmujt:testIamPermissions x-goog-quota-user=projects/btmmujt
[debug] [2024-06-27T17:38:02.961Z] >>> [apiv2][body] POST https://cloudresourcemanager.googleapis.com/v1/projects/btmmujt:testIamPermissions {"permissions":["datastore.indexes.create","datastore.indexes.delete","datastore.indexes.list","datastore.indexes.update","firebase.projects.get","firebasehosting.sites.update","firebaserules.releases.create","firebaserules.releases.update","firebaserules.rulesets.create"]}
[debug] [2024-06-27T17:38:04.470Z] <<< [apiv2][status] POST https://cloudresourcemanager.googleapis.com/v1/projects/btmmujt:testIamPermissions 200
[debug] [2024-06-27T17:38:04.471Z] <<< [apiv2][body] POST https://cloudresourcemanager.googleapis.com/v1/projects/btmmujt:testIamPermissions {"permissions":["datastore.indexes.create","datastore.indexes.delete","datastore.indexes.list","datastore.indexes.update","firebase.projects.get","firebasehosting.sites.update","firebaserules.releases.create","firebaserules.releases.update","firebaserules.rulesets.create"]}
[debug] [2024-06-27T17:38:04.472Z] >>> [apiv2][query] GET https://firebase.googleapis.com/v1beta1/projects/btmmujt [none]
[debug] [2024-06-27T17:38:05.208Z] <<< [apiv2][status] GET https://firebase.googleapis.com/v1beta1/projects/btmmujt 200
[debug] [2024-06-27T17:38:05.209Z] <<< [apiv2][body] GET https://firebase.googleapis.com/v1beta1/projects/btmmujt {"projectId":"btmmujt","projectNumber":"235068801924","displayName":"BTMMUJT","name":"projects/btmmujt","resources":{"hostingSite":"btmmujt","storageBucket":"btmmujt.appspot.com","locationId":"asia-south1"},"state":"ACTIVE","etag":"1_8c1a2fda-548b-43ba-81f1-a1a45a67cd30"}
[info] 
[info] === Deploying to 'btmmujt'...
[info] 
[info] i  deploying storage, firestore, hosting 
[info] i  storage: ensuring required API firebasestorage.googleapis.com is enabled... 
[debug] [2024-06-27T17:38:05.214Z] >>> [apiv2][query] GET https://serviceusage.googleapis.com/v1/projects/btmmujt/services/firebasestorage.googleapis.com [none]
[debug] [2024-06-27T17:38:05.214Z] >>> [apiv2][(partial)header] GET https://serviceusage.googleapis.com/v1/projects/btmmujt/services/firebasestorage.googleapis.com x-goog-quota-user=projects/btmmujt
[debug] [2024-06-27T17:38:07.048Z] <<< [apiv2][status] GET https://serviceusage.googleapis.com/v1/projects/btmmujt/services/firebasestorage.googleapis.com 200
[debug] [2024-06-27T17:38:07.048Z] <<< [apiv2][body] GET https://serviceusage.googleapis.com/v1/projects/btmmujt/services/firebasestorage.googleapis.com [omitted]
[info] ✔  storage: required API firebasestorage.googleapis.com is enabled 
[debug] [2024-06-27T17:38:07.049Z] >>> [apiv2][query] GET https://firebasestorage.googleapis.com/v1alpha/projects/btmmujt/defaultBucket [none]
[debug] [2024-06-27T17:38:08.163Z] <<< [apiv2][status] GET https://firebasestorage.googleapis.com/v1alpha/projects/btmmujt/defaultBucket 200
[debug] [2024-06-27T17:38:08.164Z] <<< [apiv2][body] GET https://firebasestorage.googleapis.com/v1alpha/projects/btmmujt/defaultBucket {"name":"projects/btmmujt/defaultBucket","location":"ASIA-SOUTH1","bucket":{"name":"projects/btmmujt/buckets/btmmujt.appspot.com"}}
[info] i  firebase.storage: checking storage.rules for compilation errors... 
[debug] [2024-06-27T17:38:08.166Z] >>> [apiv2][query] POST https://firebaserules.googleapis.com/v1/projects/btmmujt:test [none]
[debug] [2024-06-27T17:38:08.166Z] >>> [apiv2][body] POST https://firebaserules.googleapis.com/v1/projects/btmmujt:test [omitted]
[debug] [2024-06-27T17:38:09.658Z] <<< [apiv2][status] POST https://firebaserules.googleapis.com/v1/projects/btmmujt:test 200
[debug] [2024-06-27T17:38:09.658Z] <<< [apiv2][body] POST https://firebaserules.googleapis.com/v1/projects/btmmujt:test {}
[info] ✔  firebase.storage: rules file storage.rules compiled successfully 
[info] i  firestore: reading indexes from firestore.indexes.json... 
[info] i  cloud.firestore: checking firestore.rules for compilation errors... 
[debug] [2024-06-27T17:38:09.661Z] >>> [apiv2][query] POST https://firebaserules.googleapis.com/v1/projects/btmmujt:test [none]
[debug] [2024-06-27T17:38:09.661Z] >>> [apiv2][body] POST https://firebaserules.googleapis.com/v1/projects/btmmujt:test [omitted]
[debug] [2024-06-27T17:38:11.051Z] <<< [apiv2][status] POST https://firebaserules.googleapis.com/v1/projects/btmmujt:test 200
[debug] [2024-06-27T17:38:11.051Z] <<< [apiv2][body] POST https://firebaserules.googleapis.com/v1/projects/btmmujt:test {}
[info] ✔  cloud.firestore: rules file firestore.rules compiled successfully 
[debug] [2024-06-27T17:38:11.057Z] >>> [apiv2][query] POST https://firebasehosting.googleapis.com/v1beta1/projects/-/sites/btmmujt/versions [none]
[debug] [2024-06-27T17:38:11.057Z] >>> [apiv2][body] POST https://firebasehosting.googleapis.com/v1beta1/projects/-/sites/btmmujt/versions {"status":"CREATED","labels":{"deployment-tool":"cli-firebase"}}
[debug] [2024-06-27T17:38:13.601Z] <<< [apiv2][status] POST https://firebasehosting.googleapis.com/v1beta1/projects/-/sites/btmmujt/versions 200
[debug] [2024-06-27T17:38:13.601Z] <<< [apiv2][body] POST https://firebasehosting.googleapis.com/v1beta1/projects/-/sites/btmmujt/versions {"name":"projects/235068801924/sites/btmmujt/versions/37ad99d9b8911e1c","status":"CREATED","config":{},"labels":{"deployment-tool":"cli-firebase"}}
[debug] [2024-06-27T17:38:13.604Z] >>> [apiv2][query] GET https://firebaserules.googleapis.com/v1/projects/btmmujt/releases pageSize=10&pageToken=
[debug] [2024-06-27T17:38:13.948Z] <<< [apiv2][status] GET https://firebaserules.googleapis.com/v1/projects/btmmujt/releases 200
[debug] [2024-06-27T17:38:13.949Z] <<< [apiv2][body] GET https://firebaserules.googleapis.com/v1/projects/btmmujt/releases {"releases":[{"name":"projects/btmmujt/releases/cloud.firestore","rulesetName":"projects/btmmujt/rulesets/c7c779bd-4440-4473-b02f-f6e6e66e96c2","createTime":"2024-04-09T13:32:58.734880Z","updateTime":"2024-06-27T17:34:20.864890Z"},{"name":"projects/btmmujt/releases/firebase.storage/btmmujt.appspot.com","rulesetName":"projects/btmmujt/rulesets/d52a82ee-e021-4b04-ab6f-83b014546d0e","createTime":"2024-04-09T13:33:59.862016Z","updateTime":"2024-06-27T17:34:19.468366Z"}]}
[debug] [2024-06-27T17:38:13.968Z] >>> [apiv2][query] GET https://firebaserules.googleapis.com/v1/projects/btmmujt/rulesets/d52a82ee-e021-4b04-ab6f-83b014546d0e [none]
[debug] [2024-06-27T17:38:15.339Z] <<< [apiv2][status] GET https://firebaserules.googleapis.com/v1/projects/btmmujt/rulesets/d52a82ee-e021-4b04-ab6f-83b014546d0e 200
[debug] [2024-06-27T17:38:15.339Z] <<< [apiv2][body] GET https://firebaserules.googleapis.com/v1/projects/btmmujt/rulesets/d52a82ee-e021-4b04-ab6f-83b014546d0e [omitted]
[info] i  storage: latest version of storage.rules already up to date, skipping upload... 
[info] i  firestore: deploying indexes... 
[debug] [2024-06-27T17:38:15.342Z] >>> [apiv2][query] GET https://firebaserules.googleapis.com/v1/projects/btmmujt/releases pageSize=10&pageToken=
[debug] [2024-06-27T17:38:15.343Z] >>> [apiv2][query] GET https://firestore.googleapis.com/v1/projects/btmmujt/databases/(default)/collectionGroups/-/indexes [none]
[debug] [2024-06-27T17:38:15.658Z] <<< [apiv2][status] GET https://firebaserules.googleapis.com/v1/projects/btmmujt/releases 200
[debug] [2024-06-27T17:38:15.658Z] <<< [apiv2][body] GET https://firebaserules.googleapis.com/v1/projects/btmmujt/releases {"releases":[{"name":"projects/btmmujt/releases/cloud.firestore","rulesetName":"projects/btmmujt/rulesets/c7c779bd-4440-4473-b02f-f6e6e66e96c2","createTime":"2024-04-09T13:32:58.734880Z","updateTime":"2024-06-27T17:34:20.864890Z"},{"name":"projects/btmmujt/releases/firebase.storage/btmmujt.appspot.com","rulesetName":"projects/btmmujt/rulesets/d52a82ee-e021-4b04-ab6f-83b014546d0e","createTime":"2024-04-09T13:33:59.862016Z","updateTime":"2024-06-27T17:34:19.468366Z"}]}
[debug] [2024-06-27T17:38:15.659Z] >>> [apiv2][query] GET https://firebaserules.googleapis.com/v1/projects/btmmujt/rulesets/c7c779bd-4440-4473-b02f-f6e6e66e96c2 [none]
[debug] [2024-06-27T17:38:15.680Z] <<< [apiv2][status] GET https://firestore.googleapis.com/v1/projects/btmmujt/databases/(default)/collectionGroups/-/indexes 200
[debug] [2024-06-27T17:38:15.680Z] <<< [apiv2][body] GET https://firestore.googleapis.com/v1/projects/btmmujt/databases/(default)/collectionGroups/-/indexes {}
[debug] [2024-06-27T17:38:15.681Z] >>> [apiv2][query] GET https://firestore.googleapis.com/v1/projects/btmmujt/databases/(default)/collectionGroups/-/fields?filter=indexConfig.usesAncestorConfig=false OR ttlConfig:* [none]
[debug] [2024-06-27T17:38:15.799Z] <<< [apiv2][status] GET https://firestore.googleapis.com/v1/projects/btmmujt/databases/(default)/collectionGroups/-/fields?filter=indexConfig.usesAncestorConfig=false OR ttlConfig:* 200
[debug] [2024-06-27T17:38:15.799Z] <<< [apiv2][body] GET https://firestore.googleapis.com/v1/projects/btmmujt/databases/(default)/collectionGroups/-/fields?filter=indexConfig.usesAncestorConfig=false OR ttlConfig:* {"fields":[{"name":"projects/btmmujt/databases/(default)/collectionGroups/__default__/fields/*","indexConfig":{"indexes":[{"queryScope":"COLLECTION","fields":[{"fieldPath":"*","order":"ASCENDING"}],"state":"READY"},{"queryScope":"COLLECTION","fields":[{"fieldPath":"*","order":"DESCENDING"}],"state":"READY"},{"queryScope":"COLLECTION","fields":[{"fieldPath":"*","arrayConfig":"CONTAINS"}],"state":"READY"}]}}]}
[info] ✔  firestore: deployed indexes in firestore.indexes.json successfully for (default) database 
[debug] [2024-06-27T17:38:17.042Z] <<< [apiv2][status] GET https://firebaserules.googleapis.com/v1/projects/btmmujt/rulesets/c7c779bd-4440-4473-b02f-f6e6e66e96c2 200
[debug] [2024-06-27T17:38:17.042Z] <<< [apiv2][body] GET https://firebaserules.googleapis.com/v1/projects/btmmujt/rulesets/c7c779bd-4440-4473-b02f-f6e6e66e96c2 [omitted]
[info] i  firestore: latest version of firestore.rules already up to date, skipping upload... 
[info] i  hosting[btmmujt]: beginning deploy... 
[info] i  hosting[btmmujt]: found 47 files in build 
[debug] [2024-06-27T17:38:17.062Z] [hosting] uploading with 200 concurrency
[debug] [2024-06-27T17:38:17.608Z] [hosting] hash cache [YnVpbGQ] stored for 47 files
[debug] [2024-06-27T17:38:17.608Z] [hosting][hash queue][FINAL] {"max":537,"min":14,"avg":35.40425531914894,"active":0,"complete":47,"success":47,"errored":0,"retried":0,"total":47,"elapsed":543}
[debug] [2024-06-27T17:38:17.608Z] >>> [apiv2][query] POST https://firebasehosting.googleapis.com/v1beta1/projects/235068801924/sites/btmmujt/versions/37ad99d9b8911e1c:populateFiles [none]
[debug] [2024-06-27T17:38:17.608Z] >>> [apiv2][body] POST https://firebasehosting.googleapis.com/v1beta1/projects/235068801924/sites/btmmujt/versions/37ad99d9b8911e1c:populateFiles {"files":{"/asset-manifest.json":"1b6a743b932538488e20e28504c1ad4bdcef0631980bf560554e5fe5890e4458","/logo192.png":"05a03158d692a970f3414cb77cdee0e7ef82b1c69cc18b830c2cd5e582d5607f","/index.html":"5e0688aafadff94c236bd05843f52854528f14ccde3a90ae634e4474ba8313da","/robots.txt":"391d14b3c2f8c9143a27a28c7399585142228d4d1bdbe2c87ac946de411fa9a2","/manifest.json":"75855eabfe06e69cbe3a8f604cd30096dd3e3e4476d1f992018452f2384eeaac","/lib/animate/animate.min.css":"55f216a2a78822da043be62f3de457143fc53808fcec870d5a8ebdcd9e4fc5fb","/lib/easing/easing.js":"8e1fecc0182058fa3fe5b22660ab48c2055598c9650e4fdbf497cf97a540b6fa","/lib/counterup/counterup.min.js":"b32fa011db792500d852dfb193bac619dfd18f48cb8316060daad007e7a84d8c","/lib/easing/easing.min.js":"fb7e06c828682e137e7f2074fc3418c982b18086b85076250da689c848b14d1c","/lib/owlcarousel/LICENSE":"89d55cb216ab502b1209848b6f74458e6fe704fc68d3fee2e169cca80a36380a","/lib/animate/animate.css":"dcb45d6fc54315641fdd14d7f0f69ab714914905d701a3eab2d7db7ca8dfacad","/lib/owlcarousel/assets/owl.carousel.css":"fdc4bc1932c1f7f0dd4bd08323f405df1a7804c9694c4044e6270ab1535b9ea2","/lib/owlcarousel/assets/owl.carousel.min.css":"950d1292a9e26a2ca2347226a64cc93524978301385544943d6744c9be3290db","/lib/owlcarousel/assets/owl.theme.default.min.css":"151042cba05b7df628873c57b573d91ff57decf509793e08ba632e560cc7d95c","/lib/owlcarousel/assets/owl.theme.green.css":"232bc7791b89c290c0fa1b44e4fceb3b46abfaaf5e6f2c0b46ed2df08fd82823","/lib/owlcarousel/assets/ajax-loader.gif":"ab751b4a454aec1c9e40955f90acccf2d5a32832f5111443318065030e15f7db","/favicon.ico":"96ed39b4c024d7ec0c8c344fa0530b9c549ce69d6a478375589c15f9f5397c5c","/lib/owlcarousel/assets/owl.theme.default.css":"f2f0f982037bf2ef27523dbdca478ff72065decde64f5d94f431950b443df107","/lib/owlcarousel/assets/owl.video.play.png":"9b9b8741d20ebe72c0455a3b63c84d38b5e0c1d91bde4a0252963d72f1413dab","/lib/wow/wow.min.js":"c4e50704990635ea55189807e86a75a1cc59c94b3c5b51c72d94889f2eb4883c","/static/js/main.e556aaf7.js.LICENSE.txt":"cd604e9294223ad51a167cdf47391c7ff0fec749c085cad51d96877bb18bf65f","/lib/waypoints/links.php":"839a394011ea924355cc40e523cd333a7e36d13cc37718ac7d8c0ea84397460b","/static/css/main.310cbec5.css.map":"cb950775d5c79c9ed62bf50fa757cbf097371f3e65175483168bc8eac7f99164","/static/css/main.310cbec5.css":"e6dd555d17ba1693e007a30999ee802447ad5193fcd3dd3a82317c2aaf7b35a6","/lib/wow/wow.js":"c897ef7c55ec9f23ffc48c197d647e8b49ba5b3da9c34e3f21eb281efb787ddd","/lib/owlcarousel/assets/owl.theme.green.min.css":"7b905a15303772c5449996811775c5bea2dea5af26545833b714fb3a4bff7fbe","/lib/owlcarousel/owl.carousel.min.js":"13a8f4561b9856de411dbce10824c137030211c196037e695874a0d8aee49b50","/lib/waypoints/waypoints.min.js":"5b7e72c2eb92410ed9ec63566e9b5ae68439286493c8a434a5a627eaca07801a","/static/media/whatsapp-logo.636e1f38a2f5ffb5af64.webp":"ce0e2259d1ffad107f3021800365bf486356aaf62e1cbb6ae202d8691dec29ba","/static/media/qr-code.687f4384faaa8c0be065.png":"51374aa012374c46598b759749228ff69626abc1c65d0ff1a3a363f6f42bad14","/static/media/call-up-logo.27c59a535e46faafa922.png":"7643100d7fa21f9f30c80fc2ff84115f13665facacca12804b86f2e5e32963aa","/lib/owlcarousel/owl.carousel.js":"bf1f9ef5c93224194bd9d14bfe8969f6b4ce6bc5ba7b1bd56214491f547940c8","/logo512.png":"358e1a2dbb2fb780060993caa5616baa538a7e4cbf3bacef5f154f74cda792d0","/bs.css":"b0f1030495c87dc7ff4e80e5009b2e7b38a328dcab767ca8b360c073a7583f7f","/static/media/6.eb9fa9695477316792d0.jpg":"5a52b3dfe5be74418270997c6331c1634a4310bb400354b86cd2493e7443a05e","/static/media/3.915c73eebf98277d41f6.jpg":"b96d157b422e82cb731d1b48b36851ccd29c3c6acdc20a8cf9438dc709dd1f20","/static/media/adyaksh-photo.c91fda7d0729ce981c21.png":"da2af1f04bbe556862ceacc89450fbbc5779d57c91a9c27acb77ca78a5f6be6b","/static/media/5.b6376063717375d1ead5.jpg":"c7308a77b08e767fa15fd7acdea71c876fe78ee5856ff86b157c057c05407965","/static/media/4.d7df37b90120e13fad19.jpg":"62b96c6a2a74b734e9da543915714ea202e27708fb626555f9f7ae76de1ccd27","/static/media/3.4de304e3c7acec81a536.jpg":"9ef348b7c453350e52d2540126305b6848638b6c5ede15957dc51d9c943feb96","/static/media/2.3ee0fb2a8735fede5e4b.jpg":"4493a70020518258da9aeeade2fa8ec338bd801f94eab04444582c0db3f1a305","/static/media/1.8087c891492c7221e715.jpg":"38657ddc2a70f6641680b3fa2f481b7b94634718575704aa4b60999d9ef086c1","/static/media/logo.a7dca26fb0a565235908.png":"fcf8333b5324d6654c2df3d98d684bd8037c27ead265dcbfd168fe3bdbdb869c","/static/media/1.6798c26876602e8b7a92.jpg":"944d9611daa5e25ab1f0a3ea9cbe6fbc3be190eea727d39233f7e08f7258cce1","/static/media/2.b65a8f9d9e367ebec8be.jpg":"857e396a9822db410ebc63a37723bac12ce027cdbf9a4169dfc749ed3f4be0a9","/static/js/main.e556aaf7.js":"3e234311dab8c0083b86c5977c369b698f4f9612ea584111cf64effa96588bb6","/static/js/main.e556aaf7.js.map":"66afcf24f7cbbf60c9c2e8aa632e150e2ccbd1ad9f734f3747890c6694f22f3d"}}
[debug] [2024-06-27T17:38:18.111Z] <<< [apiv2][status] POST https://firebasehosting.googleapis.com/v1beta1/projects/235068801924/sites/btmmujt/versions/37ad99d9b8911e1c:populateFiles 200
[debug] [2024-06-27T17:38:18.111Z] <<< [apiv2][body] POST https://firebasehosting.googleapis.com/v1beta1/projects/235068801924/sites/btmmujt/versions/37ad99d9b8911e1c:populateFiles {"uploadRequiredHashes":["5e0688aafadff94c236bd05843f52854528f14ccde3a90ae634e4474ba8313da","66afcf24f7cbbf60c9c2e8aa632e150e2ccbd1ad9f734f3747890c6694f22f3d","3e234311dab8c0083b86c5977c369b698f4f9612ea584111cf64effa96588bb6","1b6a743b932538488e20e28504c1ad4bdcef0631980bf560554e5fe5890e4458"],"uploadUrl":"https://upload-firebasehosting.googleapis.com/upload/sites/btmmujt/versions/37ad99d9b8911e1c/files"}
[debug] [2024-06-27T17:38:18.113Z] >>> [apiv2][query] POST https://upload-firebasehosting.googleapis.com/upload/sites/btmmujt/versions/37ad99d9b8911e1c/files/5e0688aafadff94c236bd05843f52854528f14ccde3a90ae634e4474ba8313da [none]
[debug] [2024-06-27T17:38:18.113Z] >>> [apiv2][body] POST https://upload-firebasehosting.googleapis.com/upload/sites/btmmujt/versions/37ad99d9b8911e1c/files/5e0688aafadff94c236bd05843f52854528f14ccde3a90ae634e4474ba8313da [stream]
[debug] [2024-06-27T17:38:18.116Z] >>> [apiv2][query] POST https://upload-firebasehosting.googleapis.com/upload/sites/btmmujt/versions/37ad99d9b8911e1c/files/66afcf24f7cbbf60c9c2e8aa632e150e2ccbd1ad9f734f3747890c6694f22f3d [none]
[debug] [2024-06-27T17:38:18.116Z] >>> [apiv2][body] POST https://upload-firebasehosting.googleapis.com/upload/sites/btmmujt/versions/37ad99d9b8911e1c/files/66afcf24f7cbbf60c9c2e8aa632e150e2ccbd1ad9f734f3747890c6694f22f3d [stream]
[debug] [2024-06-27T17:38:18.119Z] >>> [apiv2][query] POST https://upload-firebasehosting.googleapis.com/upload/sites/btmmujt/versions/37ad99d9b8911e1c/files/3e234311dab8c0083b86c5977c369b698f4f9612ea584111cf64effa96588bb6 [none]
[debug] [2024-06-27T17:38:18.119Z] >>> [apiv2][body] POST https://upload-firebasehosting.googleapis.com/upload/sites/btmmujt/versions/37ad99d9b8911e1c/files/3e234311dab8c0083b86c5977c369b698f4f9612ea584111cf64effa96588bb6 [stream]
[debug] [2024-06-27T17:38:18.121Z] >>> [apiv2][query] POST https://upload-firebasehosting.googleapis.com/upload/sites/btmmujt/versions/37ad99d9b8911e1c/files/1b6a743b932538488e20e28504c1ad4bdcef0631980bf560554e5fe5890e4458 [none]
[debug] [2024-06-27T17:38:18.121Z] >>> [apiv2][body] POST https://upload-firebasehosting.googleapis.com/upload/sites/btmmujt/versions/37ad99d9b8911e1c/files/1b6a743b932538488e20e28504c1ad4bdcef0631980bf560554e5fe5890e4458 [stream]
[debug] [2024-06-27T17:38:18.123Z] [hosting][populate queue][FINAL] {"max":506,"min":506,"avg":506,"active":0,"complete":1,"success":1,"errored":0,"retried":0,"total":1,"elapsed":516}
[debug] [2024-06-27T17:38:18.123Z] [hosting] uploads queued: 4
[debug] [2024-06-27T17:38:19.291Z] <<< [apiv2][status] POST https://upload-firebasehosting.googleapis.com/upload/sites/btmmujt/versions/37ad99d9b8911e1c/files/5e0688aafadff94c236bd05843f52854528f14ccde3a90ae634e4474ba8313da 200
[debug] [2024-06-27T17:38:19.292Z] <<< [apiv2][body] POST https://upload-firebasehosting.googleapis.com/upload/sites/btmmujt/versions/37ad99d9b8911e1c/files/5e0688aafadff94c236bd05843f52854528f14ccde3a90ae634e4474ba8313da [stream]
